\BOOKMARK [0][-]{chapter.1}{\376\377\000V\000o\000w\000e\000l\000s}{}% 1
\BOOKMARK [1][-]{section.1.1}{\376\377\000"\000N\000a\000c\000h\000o\000"\000\040\000s\000o\000u\000n\000d\000\040\000/\002\214\000/}{chapter.1}% 2
\BOOKMARK [1][-]{section.1.2}{\376\377\000"\000A\000h\000"\000\040\000s\000o\000u\000n\000d\000\040\000/\000A\000/}{chapter.1}% 3
\BOOKMARK [1][-]{section.1.3}{\376\377\000"\000P\000r\000e\000t\000z\000e\000l\000"\000\040\000s\000o\000u\000n\000d\000\040\000/\000\346\000/}{chapter.1}% 4
\BOOKMARK [1][-]{section.1.4}{\376\377\000"\000E\000H\000"\000\040\000s\000o\000u\000n\000d\000\040\000a\000s\000\040\000i\000n\000\040\000"\000b\000e\000t\000"\000\040\000/\000e\000/}{chapter.1}% 5
\BOOKMARK [1][-]{section.1.5}{\376\377\000"\000A\000W\000"\000\040\000s\000o\000u\000n\000d\000\040\000a\000s\000\040\000i\000n\000\040\000"\000t\000h\000o\000u\000g\000h\000t\000"\000\040\000/\002\124\000/}{chapter.1}% 6
\BOOKMARK [1][-]{section.1.6}{\376\377\000"\000U\000H\000"\000\040\000s\000o\000u\000n\000d\000\040\000a\000s\000\040\000i\000n\000\040\000"\000b\000o\000o\000k\000"\000\040\000/\000\040\000/}{chapter.1}% 7
\BOOKMARK [1][-]{section.1.7}{\376\377\000"\000L\000o\000n\000g\000\040\000U\000"\000\040\000s\000o\000u\000n\000d\000\040\000a\000s\000\040\000i\000n\000\040\000"\000u\000s\000u\000a\000l\000l\000y\000"\000\040\000/\000j\000u\000/}{chapter.1}% 8
\BOOKMARK [1][-]{section.1.8}{\376\377\000"\000E\000R\000"\000\040\000s\000o\000u\000n\000d\000\040\000a\000s\000\040\000i\000n\000\040\000"\000g\000i\000r\000l\000"\000,\000\040\000"\000f\000i\000r\000s\000t\000"\000,\000\040\000"\000b\000i\000r\000d\000"\000\040\000/\002\131\002\171\000/}{chapter.1}% 9
\BOOKMARK [1][-]{section.1.9}{\376\377\000"\000I\000H\000"\000\040\000s\000o\000u\000n\000d\000\040\000a\000s\000\040\000i\000n\000\040\000"\000i\000t\000"\000\040\002\152}{chapter.1}% 10
\BOOKMARK [0][-]{chapter.2}{\376\377\000C\000o\000n\000s\000o\000n\000a\000n\000t\000s}{}% 11
\BOOKMARK [1][-]{section.2.1}{\376\377\000"\000T\000H\000"\000\040\000s\000o\000u\000n\000d\000\040\000/\000T\000/}{chapter.2}% 12
\BOOKMARK [1][-]{section.2.2}{\376\377\000"\000T\000H\000"\000\040\000s\000o\000u\000n\000d\000\040\000/\000\360\000/\000\040\000\050\000a\000s\000\040\000i\000n\000\040\000t\000h\000a\000t\000,\000\040\000t\000h\000o\000s\000e\000,\000\040\000t\000h\000e\000y\000\051}{chapter.2}% 13
\BOOKMARK [1][-]{section.2.3}{\376\377\000"\000S\000H\000"\000\040\000s\000o\000u\000n\000d\000\040\000/\002\203\000/}{chapter.2}% 14
\BOOKMARK [1][-]{section.2.4}{\376\377\000"\000Z\000H\000"\000\040\000S\000o\000u\000n\000d\000\040\000\050\000/\002\222\000/\000\051}{chapter.2}% 15
\BOOKMARK [1][-]{section.2.5}{\376\377\000"\000C\000H\000"\000\040\000s\000o\000u\000n\000d\000\040\000a\000s\000\040\000i\000n\000\040\000"\000c\000h\000a\000i\000r\000"\000\040\000/\000t\002\203\000/}{chapter.2}% 16
\BOOKMARK [1][-]{section.2.6}{\376\377\000"\000J\000"\000\040\000s\000o\000u\000n\000d\000\040\000a\000s\000\040\000i\000n\000\040\000"\000J\000o\000b\000"\000\040\000[\000d\002\222\000]}{chapter.2}% 17
\BOOKMARK [1][-]{section.2.7}{\376\377\000F\000i\000n\000a\000l\000\040\000"\000-\000a\000g\000e\000"\000\040\000s\000o\000u\000n\000d\000\040\000a\000s\000\040\000i\000n\000\040\000"\000p\000a\000c\000k\000a\000g\000e\000"\000,\000\040\000"\000m\000e\000s\000s\000a\000g\000e\000"\000\040\002\152\000d\002\222}{chapter.2}% 18
\BOOKMARK [1][-]{section.2.8}{\376\377\000"\000V\000"\000\040\000s\000o\000u\000n\000d\000\040\000a\000s\000\040\000i\000n\000\040\000"\000v\000e\000r\000y\000"\000\040\000/\000v\000/}{chapter.2}% 19
\BOOKMARK [0][-]{chapter.3}{\376\377\000A\000n\000n\000e\000x\000e\000s}{}% 20
\BOOKMARK [1][-]{section.3.1}{}{chapter.3}% 21
